<?xml version="1.0" encoding="UTF-8"?>
<!-- Generated by org.testng.reporters.JUnitReportReporter -->
<testsuite hostname="Ashok" failures="0" tests="1" name="Selenium_4_Features.Open_newTab" time="28.391" errors="0" timestamp="2021-01-02T15:47:08 IST" skipped="0">
  <testcase classname="Selenium_4_Features.Open_newTab" name="open_NewTab" time="28.391"/>
  <system-out/>
</testsuite> <!-- Selenium_4_Features.Open_newTab -->
