<?xml version="1.0" encoding="UTF-8"?>
<!-- Generated by org.testng.reporters.JUnitReportReporter -->
<testsuite hostname="Ashok" failures="0" tests="1" name="Selenium_4_Features.Location_Getting" time="23.806" errors="0" timestamp="2021-01-02T15:58:23 IST" skipped="0">
  <testcase classname="Selenium_4_Features.Location_Getting" name="getLocation" time="23.806"/>
  <system-out/>
</testsuite> <!-- Selenium_4_Features.Location_Getting -->
