<?xml version="1.0" encoding="UTF-8"?>
<!-- Generated by org.testng.reporters.JUnitReportReporter -->
<testsuite hostname="Ashok" failures="0" tests="1" name="Selenium_4_Features.Element_Screenshot" time="16.422" errors="0" timestamp="2021-01-02T15:41:44 IST" skipped="0">
  <testcase classname="Selenium_4_Features.Element_Screenshot" name="takeElementScreenshot" time="16.422"/>
  <system-out/>
</testsuite> <!-- Selenium_4_Features.Element_Screenshot -->
